2014/10/30 23:48:29 にビルドを開始しました。
     1>ノード 2 上のプロジェクト "G:\GitHub\Openjtalk_vc_projects\Openjtalk_vc_projects\node_module\build\nodejtalk.vcxproj" (Build ターゲット)。
     1>ClCompile:
         C:\Program Files (x86)\Microsoft Visual Studio 12.0\VC\bin\CL.exe /c /I"C:\Users\K.Hotta\.node-gyp\0.10.28\src" /I"C:\Users\K.Hotta\.node-gyp\0.10.28\deps\uv\include" /I"C:\Users\K.Hotta\.node-gyp\0.10.28\deps\v8\include" /Zi /nologo /W1 /WX- /O2 /Ob2 /Oi /Ot /Oy /GL /D _WINDLL /D WIN32 /D _CRT_SECURE_NO_DEPRECATE /D _CRT_NONSTDC_NO_DEPRECATE /D BUILDING_V8_SHARED=1 /D BUILDING_UV_SHARED=1 /D BUILDING_NODE_EXTENSION /D _WINDLL /GF /Gm- /EHsc /MDd /GS /Gy /fp:precise /Zc:wchar_t /Zc:forScope /Fo"Debug\obj\nodejtalk\\" /Fd"Debug\obj\nodejtalk\vc120.pdb" /Gd /TP /wd4251 /analyze- /errorReport:prompt ..\nodejtalk.cc
         nodejtalk.cc
     1>C:\Program Files (x86)\Microsoft Visual Studio 12.0\VC\include\xlocnum(155): warning C4506: インライン関数 'v8::Persistent<v8::Object> v8::Persistent<v8::Object>::New(v8::Handle<v8::Object>)' は定義されていません。
       Link:
         C:\Program Files (x86)\Microsoft Visual Studio 12.0\VC\bin\link.exe /ERRORREPORT:PROMPT /OUT:"G:\GitHub\Openjtalk_vc_projects\Openjtalk_vc_projects\Debug\nodejtalk.node" /NOLOGO kernel32.lib user32.lib gdi32.lib winspool.lib comdlg32.lib advapi32.lib shell32.lib ole32.lib oleaut32.lib uuid.lib odbc32.lib DelayImp.lib "C:\Users\K.Hotta\.node-gyp\0.10.28\ia32\node.lib" /MANIFEST /MANIFESTUAC:"level='asInvoker' uiAccess='false'" /manifest:embed /PDB:"G:\GitHub\Openjtalk_vc_projects\Openjtalk_vc_projects\Debug\nodejtalk.pdb" /OPT:REF /LTCG /TLBID:1 /DYNAMICBASE /NXCOMPAT /MACHINE:X86 /SAFESEH /DLL Debug\obj\nodejtalk\nodejtalk.obj
         G:\GitHub\Openjtalk_vc_projects\Openjtalk_vc_projects\Debug\hts_engine_API.lib
         G:\GitHub\Openjtalk_vc_projects\Openjtalk_vc_projects\Debug\jpcommon.lib
         G:\GitHub\Openjtalk_vc_projects\Openjtalk_vc_projects\Debug\mecab2njd.lib
         G:\GitHub\Openjtalk_vc_projects\Openjtalk_vc_projects\Debug\mecab.lib
         G:\GitHub\Openjtalk_vc_projects\Openjtalk_vc_projects\Debug\njd2jpcommon.lib
         G:\GitHub\Openjtalk_vc_projects\Openjtalk_vc_projects\Debug\njd.lib
         G:\GitHub\Openjtalk_vc_projects\Openjtalk_vc_projects\Debug\njd_set_accent_phrase.lib
         G:\GitHub\Openjtalk_vc_projects\Openjtalk_vc_projects\Debug\njd_set_accent_type.lib
         G:\GitHub\Openjtalk_vc_projects\Openjtalk_vc_projects\Debug\njd_set_digit.lib
         G:\GitHub\Openjtalk_vc_projects\Openjtalk_vc_projects\Debug\njd_set_long_vowel.lib
         G:\GitHub\Openjtalk_vc_projects\Openjtalk_vc_projects\Debug\njd_set_pronunciation.lib
         G:\GitHub\Openjtalk_vc_projects\Openjtalk_vc_projects\Debug\njd_set_unvoiced_vowel.lib
         G:\GitHub\Openjtalk_vc_projects\Openjtalk_vc_projects\Debug\text2mecab.lib
     1>hts_engine_API.lib(hts_engine.obj) : warning LNK4075: /EDITANDCONTINUE は /OPT:ICF の指定によって無視されます。
            ライブラリ G:\GitHub\Openjtalk_vc_projects\Openjtalk_vc_projects\Debug\nodejtalk.lib とオブジェクト G:\GitHub\Openjtalk_vc_projects\Openjtalk_vc_projects\Debug\nodejtalk.exp を作成中
         コード生成しています。
         コード生成が終了しました。
         nodejtalk.vcxproj -> G:\GitHub\Openjtalk_vc_projects\Openjtalk_vc_projects\Debug\\nodejtalk.node
     1>プロジェクト "G:\GitHub\Openjtalk_vc_projects\Openjtalk_vc_projects\node_module\build\nodejtalk.vcxproj" (Build ターゲット) のビルドが完了しました。

ビルドに成功しました。

経過時間 00:00:01.77
