2014/06/08 22:19:25 にビルドを開始しました。
     1>ノード 5 上のプロジェクト "C:\github\Openjtalk_vc_projects\Openjtalk_vc_projects\njd\njd.vcxproj" (Rebuild ターゲット)。
     1>ClCompile:
         C:\Program Files (x86)\Microsoft Visual Studio 12.0\VC\bin\CL.exe /c /ZI /nologo /W3 /WX- /Od /Oy- /D WIN32 /D _DEBUG /D _LIB /D _UNICODE /D UNICODE /Gm /EHsc /RTC1 /MDd /GS /fp:precise /Zc:wchar_t /Zc:forScope /Fo"Debug\\" /Fd"Debug\vc120.pdb" /Gd /TC /analyze- /errorReport:prompt src\njd.c src\njd_node.c
         njd_node.c
     1>c:\github\openjtalk_vc_projects\openjtalk_vc_projects\njd\src\njd_node.c(108): warning C4996: 'strdup': The POSIX name for this item is deprecated. Instead, use the ISO C++ conformant name: _strdup. See online help for details.
                 c:\program files (x86)\microsoft visual studio 12.0\vc\include\string.h(245) : 'strdup' の宣言を確認してください。
     1>c:\github\openjtalk_vc_projects\openjtalk_vc_projects\njd\src\njd_node.c(118): warning C4996: 'strdup': The POSIX name for this item is deprecated. Instead, use the ISO C++ conformant name: _strdup. See online help for details.
                 c:\program files (x86)\microsoft visual studio 12.0\vc\include\string.h(245) : 'strdup' の宣言を確認してください。
     1>c:\github\openjtalk_vc_projects\openjtalk_vc_projects\njd\src\njd_node.c(128): warning C4996: 'strdup': The POSIX name for this item is deprecated. Instead, use the ISO C++ conformant name: _strdup. See online help for details.
                 c:\program files (x86)\microsoft visual studio 12.0\vc\include\string.h(245) : 'strdup' の宣言を確認してください。
     1>c:\github\openjtalk_vc_projects\openjtalk_vc_projects\njd\src\njd_node.c(138): warning C4996: 'strdup': The POSIX name for this item is deprecated. Instead, use the ISO C++ conformant name: _strdup. See online help for details.
                 c:\program files (x86)\microsoft visual studio 12.0\vc\include\string.h(245) : 'strdup' の宣言を確認してください。
     1>c:\github\openjtalk_vc_projects\openjtalk_vc_projects\njd\src\njd_node.c(148): warning C4996: 'strdup': The POSIX name for this item is deprecated. Instead, use the ISO C++ conformant name: _strdup. See online help for details.
                 c:\program files (x86)\microsoft visual studio 12.0\vc\include\string.h(245) : 'strdup' の宣言を確認してください。
     1>c:\github\openjtalk_vc_projects\openjtalk_vc_projects\njd\src\njd_node.c(158): warning C4996: 'strdup': The POSIX name for this item is deprecated. Instead, use the ISO C++ conformant name: _strdup. See online help for details.
                 c:\program files (x86)\microsoft visual studio 12.0\vc\include\string.h(245) : 'strdup' の宣言を確認してください。
     1>c:\github\openjtalk_vc_projects\openjtalk_vc_projects\njd\src\njd_node.c(168): warning C4996: 'strdup': The POSIX name for this item is deprecated. Instead, use the ISO C++ conformant name: _strdup. See online help for details.
                 c:\program files (x86)\microsoft visual studio 12.0\vc\include\string.h(245) : 'strdup' の宣言を確認してください。
     1>c:\github\openjtalk_vc_projects\openjtalk_vc_projects\njd\src\njd_node.c(178): warning C4996: 'strdup': The POSIX name for this item is deprecated. Instead, use the ISO C++ conformant name: _strdup. See online help for details.
                 c:\program files (x86)\microsoft visual studio 12.0\vc\include\string.h(245) : 'strdup' の宣言を確認してください。
     1>c:\github\openjtalk_vc_projects\openjtalk_vc_projects\njd\src\njd_node.c(188): warning C4996: 'strdup': The POSIX name for this item is deprecated. Instead, use the ISO C++ conformant name: _strdup. See online help for details.
                 c:\program files (x86)\microsoft visual studio 12.0\vc\include\string.h(245) : 'strdup' の宣言を確認してください。
     1>c:\github\openjtalk_vc_projects\openjtalk_vc_projects\njd\src\njd_node.c(198): warning C4996: 'strdup': The POSIX name for this item is deprecated. Instead, use the ISO C++ conformant name: _strdup. See online help for details.
                 c:\program files (x86)\microsoft visual studio 12.0\vc\include\string.h(245) : 'strdup' の宣言を確認してください。
     1>c:\github\openjtalk_vc_projects\openjtalk_vc_projects\njd\src\njd_node.c(227): warning C4996: 'strdup': The POSIX name for this item is deprecated. Instead, use the ISO C++ conformant name: _strdup. See online help for details.
                 c:\program files (x86)\microsoft visual studio 12.0\vc\include\string.h(245) : 'strdup' の宣言を確認してください。
     1>c:\github\openjtalk_vc_projects\openjtalk_vc_projects\njd\src\njd_node.c(241): warning C4996: 'strdup': The POSIX name for this item is deprecated. Instead, use the ISO C++ conformant name: _strdup. See online help for details.
                 c:\program files (x86)\microsoft visual studio 12.0\vc\include\string.h(245) : 'strdup' の宣言を確認してください。
     1>c:\github\openjtalk_vc_projects\openjtalk_vc_projects\njd\src\njd_node.c(244): warning C4996: 'strcpy': This function or variable may be unsafe. Consider using strcpy_s instead. To disable deprecation, use _CRT_SECURE_NO_WARNINGS. See online help for details.
                 c:\program files (x86)\microsoft visual studio 12.0\vc\include\string.h(112) : 'strcpy' の宣言を確認してください。
     1>c:\github\openjtalk_vc_projects\openjtalk_vc_projects\njd\src\njd_node.c(245): warning C4996: 'strcat': This function or variable may be unsafe. Consider using strcat_s instead. To disable deprecation, use _CRT_SECURE_NO_WARNINGS. See online help for details.
                 c:\program files (x86)\microsoft visual studio 12.0\vc\include\string.h(118) : 'strcat' の宣言を確認してください。
     1>c:\github\openjtalk_vc_projects\openjtalk_vc_projects\njd\src\njd_node.c(258): warning C4996: 'strdup': The POSIX name for this item is deprecated. Instead, use the ISO C++ conformant name: _strdup. See online help for details.
                 c:\program files (x86)\microsoft visual studio 12.0\vc\include\string.h(245) : 'strdup' の宣言を確認してください。
     1>c:\github\openjtalk_vc_projects\openjtalk_vc_projects\njd\src\njd_node.c(261): warning C4996: 'strcpy': This function or variable may be unsafe. Consider using strcpy_s instead. To disable deprecation, use _CRT_SECURE_NO_WARNINGS. See online help for details.
                 c:\program files (x86)\microsoft visual studio 12.0\vc\include\string.h(112) : 'strcpy' の宣言を確認してください。
     1>c:\github\openjtalk_vc_projects\openjtalk_vc_projects\njd\src\njd_node.c(262): warning C4996: 'strcat': This function or variable may be unsafe. Consider using strcat_s instead. To disable deprecation, use _CRT_SECURE_NO_WARNINGS. See online help for details.
                 c:\program files (x86)\microsoft visual studio 12.0\vc\include\string.h(118) : 'strcat' の宣言を確認してください。
     1>c:\github\openjtalk_vc_projects\openjtalk_vc_projects\njd\src\njd_node.c(576): warning C4996: 'sprintf': This function or variable may be unsafe. Consider using sprintf_s instead. To disable deprecation, use _CRT_SECURE_NO_WARNINGS. See online help for details.
                 c:\program files (x86)\microsoft visual studio 12.0\vc\include\stdio.h(356) : 'sprintf' の宣言を確認してください。
         njd.c
     1>c:\github\openjtalk_vc_projects\openjtalk_vc_projects\njd\src\njd.c(384): warning C4996: 'strcpy': This function or variable may be unsafe. Consider using strcpy_s instead. To disable deprecation, use _CRT_SECURE_NO_WARNINGS. See online help for details.
                 c:\program files (x86)\microsoft visual studio 12.0\vc\include\string.h(112) : 'strcpy' の宣言を確認してください。
         コードを生成中...
       Lib:
         C:\Program Files (x86)\Microsoft Visual Studio 12.0\VC\bin\Lib.exe /OUT:"C:\github\Openjtalk_vc_projects\Openjtalk_vc_projects\Debug\njd.lib" /NOLOGO Debug\njd.obj
         Debug\njd_node.obj
         njd.vcxproj -> C:\github\Openjtalk_vc_projects\Openjtalk_vc_projects\Debug\njd.lib
     1>プロジェクト "C:\github\Openjtalk_vc_projects\Openjtalk_vc_projects\njd\njd.vcxproj" (Rebuild ターゲット) のビルドが完了しました。

ビルドに成功しました。

経過時間 00:00:01.59
