g:\github\openjtalk_vc_projects\openjtalk_vc_projects\mecab\release\vc120.pdb
g:\github\openjtalk_vc_projects\openjtalk_vc_projects\mecab\release\tagger.obj
g:\github\openjtalk_vc_projects\openjtalk_vc_projects\mecab\release\string_buffer.obj
g:\github\openjtalk_vc_projects\openjtalk_vc_projects\mecab\release\param.obj
g:\github\openjtalk_vc_projects\openjtalk_vc_projects\mecab\release\nbest_generator.obj
g:\github\openjtalk_vc_projects\openjtalk_vc_projects\mecab\release\mecab.obj
g:\github\openjtalk_vc_projects\openjtalk_vc_projects\mecab\release\mecab-dict-index.obj
g:\github\openjtalk_vc_projects\openjtalk_vc_projects\mecab\release\libmecab.obj
g:\github\openjtalk_vc_projects\openjtalk_vc_projects\mecab\release\learner_tagger.obj
g:\github\openjtalk_vc_projects\openjtalk_vc_projects\mecab\release\learner.obj
g:\github\openjtalk_vc_projects\openjtalk_vc_projects\mecab\release\lbfgs.obj
g:\github\openjtalk_vc_projects\openjtalk_vc_projects\mecab\release\feature_index.obj
g:\github\openjtalk_vc_projects\openjtalk_vc_projects\mecab\release\eval.obj
g:\github\openjtalk_vc_projects\openjtalk_vc_projects\mecab\release\dictionary_rewriter.obj
g:\github\openjtalk_vc_projects\openjtalk_vc_projects\mecab\release\dictionary.obj
g:\github\openjtalk_vc_projects\openjtalk_vc_projects\mecab\release\context_id.obj
g:\github\openjtalk_vc_projects\openjtalk_vc_projects\mecab\release\connector.obj
g:\github\openjtalk_vc_projects\openjtalk_vc_projects\mecab\release\writer.obj
g:\github\openjtalk_vc_projects\openjtalk_vc_projects\mecab\release\viterbi.obj
g:\github\openjtalk_vc_projects\openjtalk_vc_projects\mecab\release\utils.obj
g:\github\openjtalk_vc_projects\openjtalk_vc_projects\mecab\release\tokenizer.obj
g:\github\openjtalk_vc_projects\openjtalk_vc_projects\mecab\release\mecab.tlog\cl.command.1.tlog
g:\github\openjtalk_vc_projects\openjtalk_vc_projects\mecab\release\mecab.tlog\cl.read.1.tlog
g:\github\openjtalk_vc_projects\openjtalk_vc_projects\mecab\release\mecab.tlog\cl.write.1.tlog
