2014/06/08 22:19:29 にビルドを開始しました。
     1>ノード 2 上のプロジェクト "C:\github\Openjtalk_vc_projects\Openjtalk_vc_projects\hts_engine_API\hts_engine_API.vcxproj" (Rebuild ターゲット)。
     1>ClCompile:
         C:\Program Files (x86)\Microsoft Visual Studio 12.0\VC\bin\CL.exe /c /ZI /nologo /W3 /WX- /Od /Oy- /D WIN32 /D _DEBUG /D _LIB /D _UNICODE /D UNICODE /Gm /EHsc /RTC1 /MDd /GS /fp:precise /Zc:wchar_t /Zc:forScope /Fo"Debug\\" /Fd"Debug\vc120.pdb" /Gd /TC /analyze- /errorReport:prompt src\HTS_audio.c src\hts_engine.c src\HTS_gstream.c src\HTS_label.c src\HTS_misc.c src\HTS_model.c src\HTS_pstream.c src\HTS_sstream.c src\HTS_vocoder.c
         HTS_vocoder.c
     1>c:\github\openjtalk_vc_projects\openjtalk_vc_projects\hts_engine_api\src\hts_vocoder.c(266): warning C4018: '>' : signed と unsigned の数値を比較しようとしました。
     1>c:\github\openjtalk_vc_projects\openjtalk_vc_projects\hts_engine_api\src\hts_vocoder.c(313): warning C4018: '<' : signed と unsigned の数値を比較しようとしました。
     1>c:\github\openjtalk_vc_projects\openjtalk_vc_projects\hts_engine_api\src\hts_vocoder.c(379): warning C4018: '>' : signed と unsigned の数値を比較しようとしました。
     1>c:\github\openjtalk_vc_projects\openjtalk_vc_projects\hts_engine_api\src\hts_vocoder.c(459): warning C4018: '>' : signed と unsigned の数値を比較しようとしました。
     1>c:\github\openjtalk_vc_projects\openjtalk_vc_projects\hts_engine_api\src\hts_vocoder.c(759): warning C4018: '<' : signed と unsigned の数値を比較しようとしました。
     1>c:\github\openjtalk_vc_projects\openjtalk_vc_projects\hts_engine_api\src\hts_vocoder.c(894): warning C4018: '<=' : signed と unsigned の数値を比較しようとしました。
     1>c:\github\openjtalk_vc_projects\openjtalk_vc_projects\hts_engine_api\src\hts_vocoder.c(904): warning C4018: '<=' : signed と unsigned の数値を比較しようとしました。
     1>c:\github\openjtalk_vc_projects\openjtalk_vc_projects\hts_engine_api\src\hts_vocoder.c(912): warning C4018: '<=' : signed と unsigned の数値を比較しようとしました。
     1>c:\github\openjtalk_vc_projects\openjtalk_vc_projects\hts_engine_api\src\hts_vocoder.c(914): warning C4018: '<=' : signed と unsigned の数値を比較しようとしました。
     1>c:\github\openjtalk_vc_projects\openjtalk_vc_projects\hts_engine_api\src\hts_vocoder.c(918): warning C4018: '<' : signed と unsigned の数値を比較しようとしました。
     1>c:\github\openjtalk_vc_projects\openjtalk_vc_projects\hts_engine_api\src\hts_vocoder.c(944): warning C4018: '<=' : signed と unsigned の数値を比較しようとしました。
         HTS_sstream.c
         HTS_pstream.c
         HTS_model.c
         HTS_misc.c
     1>c:\github\openjtalk_vc_projects\openjtalk_vc_projects\hts_engine_api\src\hts_misc.c(86): warning C4133: '関数' : 'void **' と 'FILE **' の間で型に互換性がありません。
     1>c:\github\openjtalk_vc_projects\openjtalk_vc_projects\hts_engine_api\src\hts_misc.c(86): warning C4047: '=' : 間接参照のレベルが 'errno_t' と 'void *' で異なっています。
     1>c:\github\openjtalk_vc_projects\openjtalk_vc_projects\hts_engine_api\src\hts_misc.c(552): warning C4996: 'strcpy': This function or variable may be unsafe. Consider using strcpy_s instead. To disable deprecation, use _CRT_SECURE_NO_WARNINGS. See online help for details.
                 c:\program files (x86)\microsoft visual studio 12.0\vc\include\string.h(112) : 'strcpy' の宣言を確認してください。
         HTS_label.c
         HTS_gstream.c
         hts_engine.c
         HTS_audio.c
         コードを生成中...
       Lib:
         C:\Program Files (x86)\Microsoft Visual Studio 12.0\VC\bin\Lib.exe /OUT:"C:\github\Openjtalk_vc_projects\Openjtalk_vc_projects\Debug\hts_engine_API.lib" /NOLOGO Debug\HTS_audio.obj
         Debug\hts_engine.obj
         Debug\HTS_gstream.obj
         Debug\HTS_label.obj
         Debug\HTS_misc.obj
         Debug\HTS_model.obj
         Debug\HTS_pstream.obj
         Debug\HTS_sstream.obj
         Debug\HTS_vocoder.obj
         hts_engine_API.vcxproj -> C:\github\Openjtalk_vc_projects\Openjtalk_vc_projects\Debug\hts_engine_API.lib
     1>プロジェクト "C:\github\Openjtalk_vc_projects\Openjtalk_vc_projects\hts_engine_API\hts_engine_API.vcxproj" (Rebuild ターゲット) のビルドが完了しました。

ビルドに成功しました。

経過時間 00:00:01.57
