c:\github\openjtalk_vc_projects\openjtalk_vc_projects\mecab\debug\vc120.pdb
c:\github\openjtalk_vc_projects\openjtalk_vc_projects\mecab\debug\vc120.idb
c:\github\openjtalk_vc_projects\openjtalk_vc_projects\mecab\debug\dictionary_compiler.obj
c:\github\openjtalk_vc_projects\openjtalk_vc_projects\mecab\debug\dictionary_generator.obj
c:\github\openjtalk_vc_projects\openjtalk_vc_projects\mecab\debug\dictionary_rewriter.obj
c:\github\openjtalk_vc_projects\openjtalk_vc_projects\mecab\debug\eval.obj
c:\github\openjtalk_vc_projects\openjtalk_vc_projects\mecab\debug\feature_index.obj
c:\github\openjtalk_vc_projects\openjtalk_vc_projects\mecab\debug\iconv_utils.obj
c:\github\openjtalk_vc_projects\openjtalk_vc_projects\mecab\debug\lbfgs.obj
c:\github\openjtalk_vc_projects\openjtalk_vc_projects\mecab\debug\learner.obj
c:\github\openjtalk_vc_projects\openjtalk_vc_projects\mecab\debug\learner_tagger.obj
c:\github\openjtalk_vc_projects\openjtalk_vc_projects\mecab\debug\libmecab.obj
c:\github\openjtalk_vc_projects\openjtalk_vc_projects\mecab\debug\mecab-dict-index.obj
c:\github\openjtalk_vc_projects\openjtalk_vc_projects\mecab\debug\mecab.obj
c:\github\openjtalk_vc_projects\openjtalk_vc_projects\mecab\debug\nbest_generator.obj
c:\github\openjtalk_vc_projects\openjtalk_vc_projects\mecab\debug\param.obj
c:\github\openjtalk_vc_projects\openjtalk_vc_projects\mecab\debug\string_buffer.obj
c:\github\openjtalk_vc_projects\openjtalk_vc_projects\mecab\debug\tagger.obj
c:\github\openjtalk_vc_projects\openjtalk_vc_projects\mecab\debug\tokenizer.obj
c:\github\openjtalk_vc_projects\openjtalk_vc_projects\mecab\debug\utils.obj
c:\github\openjtalk_vc_projects\openjtalk_vc_projects\mecab\debug\viterbi.obj
c:\github\openjtalk_vc_projects\openjtalk_vc_projects\mecab\debug\writer.obj
c:\github\openjtalk_vc_projects\openjtalk_vc_projects\mecab\debug\char_property.obj
c:\github\openjtalk_vc_projects\openjtalk_vc_projects\mecab\debug\connector.obj
c:\github\openjtalk_vc_projects\openjtalk_vc_projects\mecab\debug\context_id.obj
c:\github\openjtalk_vc_projects\openjtalk_vc_projects\mecab\debug\dictionary.obj
c:\github\openjtalk_vc_projects\openjtalk_vc_projects\debug\mecab.lib
c:\github\openjtalk_vc_projects\openjtalk_vc_projects\mecab\debug\mecab.tlog\cl.command.1.tlog
c:\github\openjtalk_vc_projects\openjtalk_vc_projects\mecab\debug\mecab.tlog\cl.read.1.tlog
c:\github\openjtalk_vc_projects\openjtalk_vc_projects\mecab\debug\mecab.tlog\cl.write.1.tlog
c:\github\openjtalk_vc_projects\openjtalk_vc_projects\mecab\debug\mecab.tlog\lib-link.read.1.tlog
c:\github\openjtalk_vc_projects\openjtalk_vc_projects\mecab\debug\mecab.tlog\lib-link.write.1.tlog
c:\github\openjtalk_vc_projects\openjtalk_vc_projects\mecab\debug\mecab.tlog\lib.command.1.tlog
